# JRE version: OpenJDK Runtime Environment (21.0.4) (build 21.0.4+-12508038-b607.1)
# Java VM: OpenJDK 64-Bit Server VM (21.0.4+-12508038-b607.1, mixed mode, tiered, compressed oops, compressed class ptrs, g1 gc, windows-amd64)
GC Precious Log:
 CardTable entry size: 512
 Card Set container configuration: InlinePtr #cards 5 size 8 Array Of Cards #cards 12 size 40 Howl #buckets 4 coarsen threshold 1843 Howl Bitmap #cards 512 size 80 coarsen threshold 460 Card regions per heap region 1 cards per card region 2048
 CPUs: 8 total, 8 available
 Memory: 32643M
 Large Page Support: Disabled
 NUMA Support: Disabled
 Compressed Oops: Enabled (32-bit)
 Heap Region Size: 1M
 Heap Min Capacity: 8M
 Heap Initial Capacity: 512M
 Heap Max Capacity: 2G
 Pre-touch: Disabled
 Parallel Workers: 8
 Concurrent Workers: 2
 Concurrent Refinement Workers: 8
 Periodic GC: Disabled
Heap:
 garbage-first heap   total 304128K, used 136169K [0x0000000080000000, 0x0000000100000000)
  region size 1024K, 112 young (114688K), 6 survivors (6144K)
 Metaspace       used 52449K, committed 53888K, reserved 1114112K
  class space    used 7143K, committed 7872K, reserved 1048576K
GC Heap History (16 events):
Event: 0.346 GC heap before
{Heap before GC invocations=0 (full 0):
 garbage-first heap   total 524288K, used 29696K [0x0000000080000000, 0x0000000100000000)
  region size 1024K, 25 young (25600K), 0 survivors (0K)
 Metaspace       used 7900K, committed 8064K, reserved 1114112K
  class space    used 696K, committed 768K, reserved 1048576K
}
Event: 0.349 GC heap after
{Heap after GC invocations=1 (full 0):
 garbage-first heap   total 524288K, used 9956K [0x0000000080000000, 0x0000000100000000)
  region size 1024K, 4 young (4096K), 4 survivors (4096K)
 Metaspace       used 7900K, committed 8064K, reserved 1114112K
  class space    used 696K, committed 768K, reserved 1048576K
}
Event: 0.776 GC heap before
{Heap before GC invocations=1 (full 0):
 garbage-first heap   total 524288K, used 42724K [0x0000000080000000, 0x0000000100000000)
  region size 1024K, 37 young (37888K), 4 survivors (4096K)
 Metaspace       used 12061K, committed 12288K, reserved 1114112K
  class space    used 1262K, committed 1344K, reserved 1048576K
}
Event: 0.779 GC heap after
{Heap after GC invocations=2 (full 0):
 garbage-first heap   total 524288K, used 12324K [0x0000000080000000, 0x0000000100000000)
  region size 1024K, 2 young (2048K), 2 survivors (2048K)
 Metaspace       used 12061K, committed 12288K, reserved 1114112K
  class space    used 1262K, committed 1344K, reserved 1048576K
}
Event: 1.330 GC heap before
{Heap before GC invocations=2 (full 0):
 garbage-first heap   total 524288K, used 67620K [0x0000000080000000, 0x0000000100000000)
  region size 1024K, 54 young (55296K), 2 survivors (2048K)
 Metaspace       used 17549K, committed 17856K, reserved 1114112K
  class space    used 1995K, committed 2112K, reserved 1048576K
}
Event: 1.334 GC heap after
{Heap after GC invocations=3 (full 0):
 garbage-first heap   total 524288K, used 19456K [0x0000000080000000, 0x0000000100000000)
  region size 1024K, 7 young (7168K), 7 survivors (7168K)
 Metaspace       used 17549K, committed 17856K, reserved 1114112K
  class space    used 1995K, committed 2112K, reserved 1048576K
}
Event: 1.548 GC heap before
{Heap before GC invocations=3 (full 0):
 garbage-first heap   total 524288K, used 32768K [0x0000000080000000, 0x0000000100000000)
  region size 1024K, 21 young (21504K), 7 survivors (7168K)
 Metaspace       used 21197K, committed 21504K, reserved 1114112K
  class space    used 2443K, committed 2624K, reserved 1048576K
}
Event: 1.552 GC heap after
{Heap after GC invocations=4 (full 0):
 garbage-first heap   total 524288K, used 21445K [0x0000000080000000, 0x0000000100000000)
  region size 1024K, 9 young (9216K), 9 survivors (9216K)
 Metaspace       used 21197K, committed 21504K, reserved 1114112K
  class space    used 2443K, committed 2624K, reserved 1048576K
}
Event: 2.212 GC heap before
{Heap before GC invocations=5 (full 0):
 garbage-first heap   total 71680K, used 70597K [0x0000000080000000, 0x0000000100000000)
  region size 1024K, 58 young (59392K), 9 survivors (9216K)
 Metaspace       used 29268K, committed 29888K, reserved 1114112K
  class space    used 3730K, committed 4032K, reserved 1048576K
}
Event: 2.219 GC heap after
{Heap after GC invocations=6 (full 0):
 garbage-first heap   total 83968K, used 24544K [0x0000000080000000, 0x0000000100000000)
  region size 1024K, 12 young (12288K), 12 survivors (12288K)
 Metaspace       used 29268K, committed 29888K, reserved 1114112K
  class space    used 3730K, committed 4032K, reserved 1048576K
}
Event: 2.651 GC heap before
{Heap before GC invocations=6 (full 0):
 garbage-first heap   total 83968K, used 61408K [0x0000000080000000, 0x0000000100000000)
  region size 1024K, 49 young (50176K), 12 survivors (12288K)
 Metaspace       used 34367K, committed 35200K, reserved 1114112K
  class space    used 4568K, committed 4992K, reserved 1048576K
}
Event: 2.658 GC heap after
{Heap after GC invocations=7 (full 0):
 garbage-first heap   total 83968K, used 26299K [0x0000000080000000, 0x0000000100000000)
  region size 1024K, 6 young (6144K), 6 survivors (6144K)
 Metaspace       used 34367K, committed 35200K, reserved 1114112K
  class space    used 4568K, committed 4992K, reserved 1048576K
}
Event: 2.747 GC heap before
{Heap before GC invocations=7 (full 0):
 garbage-first heap   total 83968K, used 33467K [0x0000000080000000, 0x0000000100000000)
  region size 1024K, 14 young (14336K), 6 survivors (6144K)
 Metaspace       used 35257K, committed 36096K, reserved 1114112K
  class space    used 4728K, committed 5184K, reserved 1048576K
}
Event: 2.751 GC heap after
{Heap after GC invocations=8 (full 0):
 garbage-first heap   total 83968K, used 27027K [0x0000000080000000, 0x0000000100000000)
  region size 1024K, 4 young (4096K), 4 survivors (4096K)
 Metaspace       used 35257K, committed 36096K, reserved 1114112K
  class space    used 4728K, committed 5184K, reserved 1048576K
}
Event: 3.184 GC heap before
{Heap before GC invocations=9 (full 0):
 garbage-first heap   total 83968K, used 70035K [0x0000000080000000, 0x0000000100000000)
  region size 1024K, 47 young (48128K), 4 survivors (4096K)
 Metaspace       used 42130K, committed 43328K, reserved 1114112K
  class space    used 5693K, committed 6272K, reserved 1048576K
}
Event: 3.189 GC heap after
{Heap after GC invocations=10 (full 0):
 garbage-first heap   total 304128K, used 29673K [0x0000000080000000, 0x0000000100000000)
  region size 1024K, 6 young (6144K), 6 survivors (6144K)
 Metaspace       used 42130K, committed 43328K, reserved 1114112K
  class space    used 5693K, committed 6272K, reserved 1048576K
}

