# JRE version: OpenJDK Runtime Environment (21.0.4) (build 21.0.4+-12508038-b607.1)
# Java VM: OpenJDK 64-Bit Server VM (21.0.4+-12508038-b607.1, mixed mode, tiered, compressed oops, compressed class ptrs, g1 gc, windows-amd64)
GC Precious Log:
 CardTable entry size: 512
 Card Set container configuration: InlinePtr #cards 5 size 8 Array Of Cards #cards 12 size 40 Howl #buckets 4 coarsen threshold 1843 Howl Bitmap #cards 512 size 80 coarsen threshold 460 Card regions per heap region 1 cards per card region 2048
 CPUs: 8 total, 8 available
 Memory: 32643M
 Large Page Support: Disabled
 NUMA Support: Disabled
 Compressed Oops: Enabled (32-bit)
 Heap Region Size: 1M
 Heap Min Capacity: 8M
 Heap Initial Capacity: 512M
 Heap Max Capacity: 2G
 Pre-touch: Disabled
 Parallel Workers: 8
 Concurrent Workers: 2
 Concurrent Refinement Workers: 8
 Periodic GC: Disabled
Heap:
 garbage-first heap   total 350208K, used 223286K [0x0000000080000000, 0x0000000100000000)
  region size 1024K, 15 young (15360K), 11 survivors (11264K)
 Metaspace       used 133917K, committed 136384K, reserved 1179648K
  class space    used 17866K, committed 19136K, reserved 1048576K
GC Heap History (20 events):
Event: 14.604 GC heap before
{Heap before GC invocations=29 (full 0):
 garbage-first heap   total 280576K, used 255597K [0x0000000080000000, 0x0000000100000000)
  region size 1024K, 93 young (95232K), 9 survivors (9216K)
 Metaspace       used 109193K, committed 111424K, reserved 1179648K
  class space    used 14900K, committed 16064K, reserved 1048576K
}
Event: 14.610 GC heap after
{Heap after GC invocations=30 (full 0):
 garbage-first heap   total 280576K, used 172890K [0x0000000080000000, 0x0000000100000000)
  region size 1024K, 9 young (9216K), 9 survivors (9216K)
 Metaspace       used 109193K, committed 111424K, reserved 1179648K
  class space    used 14900K, committed 16064K, reserved 1048576K
}
Event: 15.133 GC heap before
{Heap before GC invocations=31 (full 0):
 garbage-first heap   total 288768K, used 255834K [0x0000000080000000, 0x0000000100000000)
  region size 1024K, 90 young (92160K), 9 survivors (9216K)
 Metaspace       used 109193K, committed 111424K, reserved 1179648K
  class space    used 14900K, committed 16064K, reserved 1048576K
}
Event: 15.140 GC heap after
{Heap after GC invocations=32 (full 0):
 garbage-first heap   total 288768K, used 175104K [0x0000000080000000, 0x0000000100000000)
  region size 1024K, 8 young (8192K), 8 survivors (8192K)
 Metaspace       used 109193K, committed 111424K, reserved 1179648K
  class space    used 14900K, committed 16064K, reserved 1048576K
}
Event: 15.579 GC heap before
{Heap before GC invocations=32 (full 0):
 garbage-first heap   total 288768K, used 264192K [0x0000000080000000, 0x0000000100000000)
  region size 1024K, 95 young (97280K), 8 survivors (8192K)
 Metaspace       used 109194K, committed 111488K, reserved 1179648K
  class space    used 14900K, committed 16064K, reserved 1048576K
}
Event: 15.587 GC heap after
{Heap after GC invocations=33 (full 0):
 garbage-first heap   total 288768K, used 177550K [0x0000000080000000, 0x0000000100000000)
  region size 1024K, 9 young (9216K), 9 survivors (9216K)
 Metaspace       used 109194K, committed 111488K, reserved 1179648K
  class space    used 14900K, committed 16064K, reserved 1048576K
}
Event: 16.027 GC heap before
{Heap before GC invocations=33 (full 0):
 garbage-first heap   total 288768K, used 263566K [0x0000000080000000, 0x0000000100000000)
  region size 1024K, 93 young (95232K), 9 survivors (9216K)
 Metaspace       used 109194K, committed 111488K, reserved 1179648K
  class space    used 14900K, committed 16064K, reserved 1048576K
}
Event: 16.033 GC heap after
{Heap after GC invocations=34 (full 0):
 garbage-first heap   total 288768K, used 180837K [0x0000000080000000, 0x0000000100000000)
  region size 1024K, 10 young (10240K), 10 survivors (10240K)
 Metaspace       used 109194K, committed 111488K, reserved 1179648K
  class space    used 14900K, committed 16064K, reserved 1048576K
}
Event: 16.523 GC heap before
{Heap before GC invocations=35 (full 0):
 garbage-first heap   total 304128K, used 261733K [0x0000000080000000, 0x0000000100000000)
  region size 1024K, 88 young (90112K), 10 survivors (10240K)
 Metaspace       used 110897K, committed 113152K, reserved 1179648K
  class space    used 14986K, committed 16128K, reserved 1048576K
}
Event: 16.532 GC heap after
{Heap after GC invocations=36 (full 0):
 garbage-first heap   total 304128K, used 183980K [0x0000000080000000, 0x0000000100000000)
  region size 1024K, 9 young (9216K), 9 survivors (9216K)
 Metaspace       used 110897K, committed 113152K, reserved 1179648K
  class space    used 14986K, committed 16128K, reserved 1048576K
}
Event: 17.506 GC heap before
{Heap before GC invocations=36 (full 0):
 garbage-first heap   total 304128K, used 277164K [0x0000000080000000, 0x0000000100000000)
  region size 1024K, 101 young (103424K), 9 survivors (9216K)
 Metaspace       used 120428K, committed 122816K, reserved 1179648K
  class space    used 16285K, committed 17472K, reserved 1048576K
}
Event: 17.514 GC heap after
{Heap after GC invocations=37 (full 0):
 garbage-first heap   total 304128K, used 187324K [0x0000000080000000, 0x0000000100000000)
  region size 1024K, 10 young (10240K), 10 survivors (10240K)
 Metaspace       used 120428K, committed 122816K, reserved 1179648K
  class space    used 16285K, committed 17472K, reserved 1048576K
}
Event: 17.578 GC heap before
{Heap before GC invocations=37 (full 0):
 garbage-first heap   total 304128K, used 194492K [0x0000000080000000, 0x0000000100000000)
  region size 1024K, 19 young (19456K), 10 survivors (10240K)
 Metaspace       used 121277K, committed 123648K, reserved 1179648K
  class space    used 16374K, committed 17600K, reserved 1048576K
}
Event: 17.584 GC heap after
{Heap after GC invocations=38 (full 0):
 garbage-first heap   total 304128K, used 189154K [0x0000000080000000, 0x0000000100000000)
  region size 1024K, 6 young (6144K), 6 survivors (6144K)
 Metaspace       used 121277K, committed 123648K, reserved 1179648K
  class space    used 16374K, committed 17600K, reserved 1048576K
}
Event: 18.425 GC heap before
{Heap before GC invocations=39 (full 0):
 garbage-first heap   total 324608K, used 284386K [0x0000000080000000, 0x0000000100000000)
  region size 1024K, 95 young (97280K), 6 survivors (6144K)
 Metaspace       used 124032K, committed 126336K, reserved 1179648K
  class space    used 16607K, committed 17792K, reserved 1048576K
}
Event: 18.434 GC heap after
{Heap after GC invocations=40 (full 0):
 garbage-first heap   total 324608K, used 195415K [0x0000000080000000, 0x0000000100000000)
  region size 1024K, 12 young (12288K), 12 survivors (12288K)
 Metaspace       used 124032K, committed 126336K, reserved 1179648K
  class space    used 16607K, committed 17792K, reserved 1048576K
}
Event: 19.500 GC heap before
{Heap before GC invocations=40 (full 0):
 garbage-first heap   total 324608K, used 293719K [0x0000000080000000, 0x0000000100000000)
  region size 1024K, 109 young (111616K), 12 survivors (12288K)
 Metaspace       used 130174K, committed 132672K, reserved 1179648K
  class space    used 17336K, committed 18624K, reserved 1048576K
}
Event: 19.522 GC heap after
{Heap after GC invocations=41 (full 0):
 garbage-first heap   total 324608K, used 202572K [0x0000000080000000, 0x0000000100000000)
  region size 1024K, 11 young (11264K), 11 survivors (11264K)
 Metaspace       used 130174K, committed 132672K, reserved 1179648K
  class space    used 17336K, committed 18624K, reserved 1048576K
}
Event: 28.830 GC heap before
{Heap before GC invocations=41 (full 0):
 garbage-first heap   total 324608K, used 293708K [0x0000000080000000, 0x0000000100000000)
  region size 1024K, 101 young (103424K), 11 survivors (11264K)
 Metaspace       used 131264K, committed 133760K, reserved 1179648K
  class space    used 17451K, committed 18688K, reserved 1048576K
}
Event: 28.842 GC heap after
{Heap after GC invocations=42 (full 0):
 garbage-first heap   total 324608K, used 209920K [0x0000000080000000, 0x0000000100000000)
  region size 1024K, 8 young (8192K), 8 survivors (8192K)
 Metaspace       used 131264K, committed 133760K, reserved 1179648K
  class space    used 17451K, committed 18688K, reserved 1048576K
}

